<?xml version="1.0" encoding="UTF-8"?>
<!-- Generated by org.testng.reporters.JUnitReportReporter -->
<testsuite hostname="Dell-PC" failures="0" tests="1" name="com.testscript.TestCreateAccount" time="29.789" errors="0" timestamp="2023-08-22T10:59:43 NPT" skipped="0">
  <testcase classname="com.testscript.TestCreateAccount" name="testCreateAcc" time="29.789"/>
  <system-out>
Thank you for registering with Main Website Store.  </system-out>
</testsuite> <!-- com.testscript.TestCreateAccount -->
