<?xml version="1.0" encoding="UTF-8"?>
<!-- Generated by org.testng.reporters.JUnitReportReporter -->
<testsuite hostname="Dell-PC" failures="0" tests="1" name="com.testscript.Sample" time="2.074" errors="0" timestamp="2023-08-21T17:35:15 NPT" skipped="0">
  <testcase classname="com.testscript.Sample" name="testdata" time="2.074"/>
  <system-out/>
</testsuite> <!-- com.testscript.Sample -->
